<?xml version="1.0" encoding="UTF-8"?>
<!-- Generated by org.testng.reporters.JUnitReportReporter -->
<testsuite hostname="IN-5CG0377HDH" failures="0" tests="1" name="com.bankingV1.testcase.TC_LoginTest_001" time="3.542" errors="0" timestamp="03 Apr 2021 08:26:06 GMT" skipped="0">
  <testcase classname="com.bankingV1.testcase.TC_LoginTest_001" name="loginTest" time="3.542"/>
</testsuite> <!-- com.bankingV1.testcase.TC_LoginTest_001 -->
