<?xml version="1.0" encoding="UTF-8"?>
<!-- Generated by org.testng.reporters.JUnitReportReporter -->
<testsuite hostname="IN-5CG0377HDH" failures="0" tests="1" name="com.bankingV1.testcase.TC_LoginTest_001" time="5.112" errors="0" timestamp="03 Nov 2020 11:30:38 GMT" skipped="0">
  <testcase classname="com.bankingV1.testcase.TC_LoginTest_001" name="loginTest" time="5.112"/>
</testsuite> <!-- com.bankingV1.testcase.TC_LoginTest_001 -->
